{
  "stats": {
    "suites": 1,
    "tests": 1,
    "passes": 1,
    "pending": 0,
    "failures": 0,
    "start": "2024-11-01T01:26:45.543Z",
    "end": "2024-11-01T01:26:49.607Z",
    "duration": 4064,
    "testsRegistered": 1,
    "passPercent": 100,
    "pendingPercent": 0,
    "other": 0,
    "hasOther": false,
    "skipped": 0,
    "hasSkipped": false
  },
  "results": [
    {
      "uuid": "daab4e91-d675-4e72-93af-06940bb87ca0",
      "title": "",
      "fullFile": "cypress\\tests\\logout.spec.js",
      "file": "cypress\\tests\\logout.spec.js",
      "beforeHooks": [],
      "afterHooks": [],
      "tests": [],
      "suites": [
        {
          "uuid": "075d69a7-32b9-49da-9f0f-9fab2b323e1b",
          "title": "Logout Tests",
          "fullFile": "",
          "file": "",
          "beforeHooks": [],
          "afterHooks": [],
          "tests": [
            {
              "title": "Should log out successfully",
              "fullTitle": "Logout Tests Should log out successfully",
              "timedOut": null,
              "duration": 3454,
              "state": "passed",
              "speed": "fast",
              "pass": true,
              "fail": false,
              "pending": false,
              "context": null,
              "code": "_logoutPage.default.logout(); // Perform logout action\n_logoutPage.default.verifyLogout(); // Verify that logout was successful by checking the URL",
              "err": {},
              "uuid": "b63145b7-99ca-4927-94a9-6730c8865c2e",
              "parentUUID": "075d69a7-32b9-49da-9f0f-9fab2b323e1b",
              "isHook": false,
              "skipped": false
            }
          ],
          "suites": [],
          "passes": [
            "b63145b7-99ca-4927-94a9-6730c8865c2e"
          ],
          "failures": [],
          "pending": [],
          "skipped": [],
          "duration": 3454,
          "root": false,
          "rootEmpty": false,
          "_timeout": 2000
        }
      ],
      "passes": [],
      "failures": [],
      "pending": [],
      "skipped": [],
      "duration": 0,
      "root": true,
      "rootEmpty": true,
      "_timeout": 2000
    }
  ],
  "meta": {
    "mocha": {
      "version": "7.0.1"
    },
    "mochawesome": {
      "options": {
        "quiet": true,
        "reportFilename": "mochawesome",
        "saveHtml": true,
        "saveJson": true,
        "consoleReporter": "spec",
        "useInlineDiffs": false,
        "code": true
      },
      "version": "7.1.3"
    },
    "marge": {
      "options": {
        "reportDir": "cypress/reports/mochawesome",
        "overwrite": false,
        "html": true,
        "json": true,
        "quiet": true,
        "timestamp": "mmddyyyy_HHMMss"
      },
      "version": "6.2.0"
    }
  }
}