{
  "stats": {
    "suites": 1,
    "tests": 1,
    "passes": 1,
    "pending": 0,
    "failures": 0,
    "start": "2024-11-01T05:56:31.874Z",
    "end": "2024-11-01T05:56:50.902Z",
    "duration": 19028,
    "testsRegistered": 1,
    "passPercent": 100,
    "pendingPercent": 0,
    "other": 0,
    "hasOther": false,
    "skipped": 0,
    "hasSkipped": false
  },
  "results": [
    {
      "uuid": "cb2c4fe2-90ad-431e-a5c9-b260a51014bd",
      "title": "",
      "fullFile": "cypress\\Tests\\checkout.spec.js",
      "file": "cypress\\Tests\\checkout.spec.js",
      "beforeHooks": [],
      "afterHooks": [],
      "tests": [],
      "suites": [
        {
          "uuid": "852be232-3964-4476-bfaa-402b9ee0c694",
          "title": "Checkout Tests",
          "fullFile": "",
          "file": "",
          "beforeHooks": [],
          "afterHooks": [],
          "tests": [
            {
              "title": "Should complete the checkout process",
              "fullTitle": "Checkout Tests Should complete the checkout process",
              "timedOut": null,
              "duration": 18947,
              "state": "passed",
              "speed": "slow",
              "pass": true,
              "fail": false,
              "pending": false,
              "context": null,
              "code": "_checkoutPage.default.startCheckout(); // Start the checkout process\n_checkoutPage.default.enterCheckoutInfo(firstName, lastName, postalCode); // Enter checkout information\n_checkoutPage.default.verifyTotalPrice(); // Verify the total price is correct\n_checkoutPage.default.finishCheckout(); // Complete the checkout process",
              "err": {},
              "uuid": "fc3ef42c-a27b-4ad4-8813-67ec93c647ef",
              "parentUUID": "852be232-3964-4476-bfaa-402b9ee0c694",
              "isHook": false,
              "skipped": false
            }
          ],
          "suites": [],
          "passes": [
            "fc3ef42c-a27b-4ad4-8813-67ec93c647ef"
          ],
          "failures": [],
          "pending": [],
          "skipped": [],
          "duration": 18947,
          "root": false,
          "rootEmpty": false,
          "_timeout": 2000
        }
      ],
      "passes": [],
      "failures": [],
      "pending": [],
      "skipped": [],
      "duration": 0,
      "root": true,
      "rootEmpty": true,
      "_timeout": 2000
    }
  ],
  "meta": {
    "mocha": {
      "version": "7.0.1"
    },
    "mochawesome": {
      "options": {
        "quiet": true,
        "reportFilename": "mochawesome",
        "saveHtml": true,
        "saveJson": true,
        "consoleReporter": "spec",
        "useInlineDiffs": false,
        "code": true
      },
      "version": "7.1.3"
    },
    "marge": {
      "options": {
        "reportDir": "cypress/reports/mochawesome",
        "overwrite": false,
        "html": true,
        "json": true,
        "quiet": true,
        "timestamp": "mmddyyyy_HHMMss"
      },
      "version": "6.2.0"
    }
  }
}