{
  "stats": {
    "suites": 1,
    "tests": 1,
    "passes": 1,
    "pending": 0,
    "failures": 0,
    "start": "2024-10-31T22:58:49.213Z",
    "end": "2024-10-31T22:58:52.751Z",
    "duration": 3538,
    "testsRegistered": 1,
    "passPercent": 100,
    "pendingPercent": 0,
    "other": 0,
    "hasOther": false,
    "skipped": 0,
    "hasSkipped": false
  },
  "results": [
    {
      "uuid": "af8e4cc2-f504-4e73-a6f8-8a92c135c340",
      "title": "",
      "fullFile": "cypress\\tests\\checkout.spec.js",
      "file": "cypress\\tests\\checkout.spec.js",
      "beforeHooks": [],
      "afterHooks": [],
      "tests": [],
      "suites": [
        {
          "uuid": "f56924e0-d434-4291-90e7-c2bd4a030972",
          "title": "Checkout Tests",
          "fullFile": "",
          "file": "",
          "beforeHooks": [],
          "afterHooks": [],
          "tests": [
            {
              "title": "Should complete the checkout process",
              "fullTitle": "Checkout Tests Should complete the checkout process",
              "timedOut": null,
              "duration": 3471,
              "state": "passed",
              "speed": "fast",
              "pass": true,
              "fail": false,
              "pending": false,
              "context": null,
              "code": "_checkoutPage.default.startCheckout();\n_checkoutPage.default.enterCheckoutInfo(firstName, lastName, postalCode);\n_checkoutPage.default.verifyTotalPrice();\n_checkoutPage.default.finishCheckout();",
              "err": {},
              "uuid": "cfa1bd35-18da-4bb8-a89a-3f769069d566",
              "parentUUID": "f56924e0-d434-4291-90e7-c2bd4a030972",
              "isHook": false,
              "skipped": false
            }
          ],
          "suites": [],
          "passes": [
            "cfa1bd35-18da-4bb8-a89a-3f769069d566"
          ],
          "failures": [],
          "pending": [],
          "skipped": [],
          "duration": 3471,
          "root": false,
          "rootEmpty": false,
          "_timeout": 2000
        }
      ],
      "passes": [],
      "failures": [],
      "pending": [],
      "skipped": [],
      "duration": 0,
      "root": true,
      "rootEmpty": true,
      "_timeout": 2000
    }
  ],
  "meta": {
    "mocha": {
      "version": "7.0.1"
    },
    "mochawesome": {
      "options": {
        "quiet": true,
        "reportFilename": "mochawesome",
        "saveHtml": true,
        "saveJson": true,
        "consoleReporter": "spec",
        "useInlineDiffs": false,
        "code": true
      },
      "version": "7.1.3"
    },
    "marge": {
      "options": {
        "reportDir": "cypress/reports/mochawesome",
        "overwrite": false,
        "html": true,
        "json": true,
        "quiet": true,
        "timestamp": "mmddyyyy_HHMMss"
      },
      "version": "6.2.0"
    }
  }
}