{
  "stats": {
    "suites": 1,
    "tests": 1,
    "passes": 1,
    "pending": 0,
    "failures": 0,
    "start": "2024-11-01T05:57:00.501Z",
    "end": "2024-11-01T05:57:06.068Z",
    "duration": 5567,
    "testsRegistered": 1,
    "passPercent": 100,
    "pendingPercent": 0,
    "other": 0,
    "hasOther": false,
    "skipped": 0,
    "hasSkipped": false
  },
  "results": [
    {
      "uuid": "823c84ed-95a9-45c6-9c8f-93910a80ca3f",
      "title": "",
      "fullFile": "cypress\\Tests\\login.spec.js",
      "file": "cypress\\Tests\\login.spec.js",
      "beforeHooks": [],
      "afterHooks": [],
      "tests": [],
      "suites": [
        {
          "uuid": "55e16599-ef71-42fd-95b9-5a16f0049bcd",
          "title": "Login Tests",
          "fullFile": "",
          "file": "",
          "beforeHooks": [],
          "afterHooks": [],
          "tests": [
            {
              "title": "Should log in successfully",
              "fullTitle": "Login Tests Should log in successfully",
              "timedOut": null,
              "duration": 3164,
              "state": "passed",
              "speed": "fast",
              "pass": true,
              "fail": false,
              "pending": false,
              "context": null,
              "code": "_loginPage.default.login(username, password); // Perform login with test credentials\ncy.url().should('include', '/inventory.html'); // Verify the URL contains '/inventory.html' after logging in",
              "err": {},
              "uuid": "7ecea61b-4d78-49cc-8434-2832d6ef9586",
              "parentUUID": "55e16599-ef71-42fd-95b9-5a16f0049bcd",
              "isHook": false,
              "skipped": false
            }
          ],
          "suites": [],
          "passes": [
            "7ecea61b-4d78-49cc-8434-2832d6ef9586"
          ],
          "failures": [],
          "pending": [],
          "skipped": [],
          "duration": 3164,
          "root": false,
          "rootEmpty": false,
          "_timeout": 2000
        }
      ],
      "passes": [],
      "failures": [],
      "pending": [],
      "skipped": [],
      "duration": 0,
      "root": true,
      "rootEmpty": true,
      "_timeout": 2000
    }
  ],
  "meta": {
    "mocha": {
      "version": "7.0.1"
    },
    "mochawesome": {
      "options": {
        "quiet": true,
        "reportFilename": "mochawesome",
        "saveHtml": true,
        "saveJson": true,
        "consoleReporter": "spec",
        "useInlineDiffs": false,
        "code": true
      },
      "version": "7.1.3"
    },
    "marge": {
      "options": {
        "reportDir": "cypress/reports/mochawesome",
        "overwrite": false,
        "html": true,
        "json": true,
        "quiet": true,
        "timestamp": "mmddyyyy_HHMMss"
      },
      "version": "6.2.0"
    }
  }
}