{
  "stats": {
    "suites": 1,
    "tests": 1,
    "passes": 1,
    "pending": 0,
    "failures": 0,
    "start": "2024-11-01T06:11:21.558Z",
    "end": "2024-11-01T06:11:26.409Z",
    "duration": 4851,
    "testsRegistered": 1,
    "passPercent": 100,
    "pendingPercent": 0,
    "other": 0,
    "hasOther": false,
    "skipped": 0,
    "hasSkipped": false
  },
  "results": [
    {
      "uuid": "aedb328c-368f-491d-985a-d34291d1451d",
      "title": "",
      "fullFile": "cypress\\Tests\\logout.spec.js",
      "file": "cypress\\Tests\\logout.spec.js",
      "beforeHooks": [],
      "afterHooks": [],
      "tests": [],
      "suites": [
        {
          "uuid": "ba75f0a0-29e9-4261-8ba1-75a46649e5ed",
          "title": "Logout Tests",
          "fullFile": "",
          "file": "",
          "beforeHooks": [],
          "afterHooks": [],
          "tests": [
            {
              "title": "Should log out successfully",
              "fullTitle": "Logout Tests Should log out successfully",
              "timedOut": null,
              "duration": 4232,
              "state": "passed",
              "speed": "fast",
              "pass": true,
              "fail": false,
              "pending": false,
              "context": null,
              "code": "_logoutPage.default.logout(); // Perform logout action\n_logoutPage.default.verifyLogout(); // Verify that logout was successful by checking the URL",
              "err": {},
              "uuid": "ce7c2c3d-e08f-42df-96b0-3e9c0abb4a2e",
              "parentUUID": "ba75f0a0-29e9-4261-8ba1-75a46649e5ed",
              "isHook": false,
              "skipped": false
            }
          ],
          "suites": [],
          "passes": [
            "ce7c2c3d-e08f-42df-96b0-3e9c0abb4a2e"
          ],
          "failures": [],
          "pending": [],
          "skipped": [],
          "duration": 4232,
          "root": false,
          "rootEmpty": false,
          "_timeout": 2000
        }
      ],
      "passes": [],
      "failures": [],
      "pending": [],
      "skipped": [],
      "duration": 0,
      "root": true,
      "rootEmpty": true,
      "_timeout": 2000
    }
  ],
  "meta": {
    "mocha": {
      "version": "7.0.1"
    },
    "mochawesome": {
      "options": {
        "quiet": true,
        "reportFilename": "mochawesome",
        "saveHtml": true,
        "saveJson": true,
        "consoleReporter": "spec",
        "useInlineDiffs": false,
        "code": true
      },
      "version": "7.1.3"
    },
    "marge": {
      "options": {
        "reportDir": "cypress/reports/mochawesome",
        "overwrite": false,
        "html": true,
        "json": true,
        "quiet": true,
        "timestamp": "mmddyyyy_HHMMss"
      },
      "version": "6.2.0"
    }
  }
}