{
  "stats": {
    "suites": 1,
    "tests": 1,
    "passes": 1,
    "pending": 0,
    "failures": 0,
    "start": "2024-11-01T06:56:17.467Z",
    "end": "2024-11-01T06:56:20.990Z",
    "duration": 3523,
    "testsRegistered": 1,
    "passPercent": 100,
    "pendingPercent": 0,
    "other": 0,
    "hasOther": false,
    "skipped": 0,
    "hasSkipped": false
  },
  "results": [
    {
      "uuid": "676f607d-194f-450f-a81e-9bcf5f7723c1",
      "title": "",
      "fullFile": "cypress\\Tests\\inventory.spec.js",
      "file": "cypress\\Tests\\inventory.spec.js",
      "beforeHooks": [],
      "afterHooks": [],
      "tests": [],
      "suites": [
        {
          "uuid": "9d8fe569-3c02-4655-9f5f-306759a06dc7",
          "title": "Inventory Tests",
          "fullFile": "",
          "file": "",
          "beforeHooks": [],
          "afterHooks": [],
          "tests": [
            {
              "title": "Should display inventory list",
              "fullTitle": "Inventory Tests Should display inventory list",
              "timedOut": null,
              "duration": 3437,
              "state": "passed",
              "speed": "fast",
              "pass": true,
              "fail": false,
              "pending": false,
              "context": null,
              "code": "_inventoryPage.default.verifyInventoryList(); // Verify the inventory list is displayed\n// Filter items by \"Price (low to high)\"\n_inventoryPage.default.filterProducts('lohi'); // Apply low to high price filter\n// Filter items by \"Name (Z to A)\"\n_inventoryPage.default.filterProducts('za'); // Apply Z to A name filter\n// Add an item to the cart\n_inventoryPage.default.addToCart('Sauce Labs Backpack'); // Add the specified item to the cart",
              "err": {},
              "uuid": "fa01efed-23df-4db7-abae-f86801b80001",
              "parentUUID": "9d8fe569-3c02-4655-9f5f-306759a06dc7",
              "isHook": false,
              "skipped": false
            }
          ],
          "suites": [],
          "passes": [
            "fa01efed-23df-4db7-abae-f86801b80001"
          ],
          "failures": [],
          "pending": [],
          "skipped": [],
          "duration": 3437,
          "root": false,
          "rootEmpty": false,
          "_timeout": 2000
        }
      ],
      "passes": [],
      "failures": [],
      "pending": [],
      "skipped": [],
      "duration": 0,
      "root": true,
      "rootEmpty": true,
      "_timeout": 2000
    }
  ],
  "meta": {
    "mocha": {
      "version": "7.0.1"
    },
    "mochawesome": {
      "options": {
        "quiet": true,
        "reportFilename": "mochawesome",
        "saveHtml": true,
        "saveJson": true,
        "consoleReporter": "spec",
        "useInlineDiffs": false,
        "code": true
      },
      "version": "7.1.3"
    },
    "marge": {
      "options": {
        "reportDir": "cypress/reports/mochawesome",
        "overwrite": false,
        "html": true,
        "json": true,
        "quiet": true,
        "timestamp": "mmddyyyy_HHMMss"
      },
      "version": "6.2.0"
    }
  }
}