{
  "stats": {
    "suites": 1,
    "tests": 1,
    "passes": 1,
    "pending": 0,
    "failures": 0,
    "start": "2024-10-31T23:04:48.767Z",
    "end": "2024-10-31T23:04:52.230Z",
    "duration": 3463,
    "testsRegistered": 1,
    "passPercent": 100,
    "pendingPercent": 0,
    "other": 0,
    "hasOther": false,
    "skipped": 0,
    "hasSkipped": false
  },
  "results": [
    {
      "uuid": "7606c2ab-6549-495e-a3f2-8556a80d1626",
      "title": "",
      "fullFile": "cypress\\tests\\checkout.spec.js",
      "file": "cypress\\tests\\checkout.spec.js",
      "beforeHooks": [],
      "afterHooks": [],
      "tests": [],
      "suites": [
        {
          "uuid": "feca5e4d-ddb4-4696-92c4-2199e48b8d9c",
          "title": "Checkout Tests",
          "fullFile": "",
          "file": "",
          "beforeHooks": [],
          "afterHooks": [],
          "tests": [
            {
              "title": "Should complete the checkout process",
              "fullTitle": "Checkout Tests Should complete the checkout process",
              "timedOut": null,
              "duration": 3383,
              "state": "passed",
              "speed": "fast",
              "pass": true,
              "fail": false,
              "pending": false,
              "context": null,
              "code": "_checkoutPage.default.startCheckout();\n_checkoutPage.default.enterCheckoutInfo(firstName, lastName, postalCode);\n_checkoutPage.default.verifyTotalPrice();\n_checkoutPage.default.finishCheckout();",
              "err": {},
              "uuid": "8320666d-ef87-40ae-8b2a-373e100a84cb",
              "parentUUID": "feca5e4d-ddb4-4696-92c4-2199e48b8d9c",
              "isHook": false,
              "skipped": false
            }
          ],
          "suites": [],
          "passes": [
            "8320666d-ef87-40ae-8b2a-373e100a84cb"
          ],
          "failures": [],
          "pending": [],
          "skipped": [],
          "duration": 3383,
          "root": false,
          "rootEmpty": false,
          "_timeout": 2000
        }
      ],
      "passes": [],
      "failures": [],
      "pending": [],
      "skipped": [],
      "duration": 0,
      "root": true,
      "rootEmpty": true,
      "_timeout": 2000
    }
  ],
  "meta": {
    "mocha": {
      "version": "7.0.1"
    },
    "mochawesome": {
      "options": {
        "quiet": true,
        "reportFilename": "mochawesome",
        "saveHtml": true,
        "saveJson": true,
        "consoleReporter": "spec",
        "useInlineDiffs": false,
        "code": true
      },
      "version": "7.1.3"
    },
    "marge": {
      "options": {
        "reportDir": "cypress/reports/mochawesome",
        "overwrite": false,
        "html": true,
        "json": true,
        "quiet": true,
        "timestamp": "mmddyyyy_HHMMss"
      },
      "version": "6.2.0"
    }
  }
}