{
  "stats": {
    "suites": 1,
    "tests": 2,
    "passes": 2,
    "pending": 0,
    "failures": 0,
    "start": "2024-11-01T01:32:47.803Z",
    "end": "2024-11-01T01:32:53.927Z",
    "duration": 6124,
    "testsRegistered": 2,
    "passPercent": 100,
    "pendingPercent": 0,
    "other": 0,
    "hasOther": false,
    "skipped": 0,
    "hasSkipped": false
  },
  "results": [
    {
      "uuid": "b0a1040f-4e0b-471c-9c8e-0720a1eb97a9",
      "title": "",
      "fullFile": "cypress\\tests\\cart.spec.js",
      "file": "cypress\\tests\\cart.spec.js",
      "beforeHooks": [],
      "afterHooks": [],
      "tests": [],
      "suites": [
        {
          "uuid": "c6298fc4-a672-4ecb-a6e9-888cf8e400b2",
          "title": "Cart Tests",
          "fullFile": "",
          "file": "",
          "beforeHooks": [],
          "afterHooks": [],
          "tests": [
            {
              "title": "Should display items in cart",
              "fullTitle": "Cart Tests Should display items in cart",
              "timedOut": null,
              "duration": 3987,
              "state": "passed",
              "speed": "fast",
              "pass": true,
              "fail": false,
              "pending": false,
              "context": null,
              "code": "_inventoryPage.default.addToCart('Sauce Labs Backpack'); // Add an item to the cart\n_cartPage.default.viewCart(); // Navigate to the cart\n_cartPage.default.verifyCartItems(); // Verify that the items in the cart are visible",
              "err": {},
              "uuid": "a09a21b9-bbcf-464f-af31-88171995f1a1",
              "parentUUID": "c6298fc4-a672-4ecb-a6e9-888cf8e400b2",
              "isHook": false,
              "skipped": false
            },
            {
              "title": "Should remove an item from cart",
              "fullTitle": "Cart Tests Should remove an item from cart",
              "timedOut": null,
              "duration": 1529,
              "state": "passed",
              "speed": "fast",
              "pass": true,
              "fail": false,
              "pending": false,
              "context": null,
              "code": "_inventoryPage.default.addToCart('Sauce Labs Backpack'); // Add the item to the cart\n_cartPage.default.viewCart(); // Navigate to the cart\n_cartPage.default.removeItem(); // Remove the item from the cart\n// Verify that the item has been successfully removed\n_cartPage.default.verifyItemRemoval(); // Assert that the item no longer exists in the cart",
              "err": {},
              "uuid": "37319c42-f499-41ef-bba3-0e544daf60b5",
              "parentUUID": "c6298fc4-a672-4ecb-a6e9-888cf8e400b2",
              "isHook": false,
              "skipped": false
            }
          ],
          "suites": [],
          "passes": [
            "a09a21b9-bbcf-464f-af31-88171995f1a1",
            "37319c42-f499-41ef-bba3-0e544daf60b5"
          ],
          "failures": [],
          "pending": [],
          "skipped": [],
          "duration": 5516,
          "root": false,
          "rootEmpty": false,
          "_timeout": 2000
        }
      ],
      "passes": [],
      "failures": [],
      "pending": [],
      "skipped": [],
      "duration": 0,
      "root": true,
      "rootEmpty": true,
      "_timeout": 2000
    }
  ],
  "meta": {
    "mocha": {
      "version": "7.0.1"
    },
    "mochawesome": {
      "options": {
        "quiet": true,
        "reportFilename": "mochawesome",
        "saveHtml": true,
        "saveJson": true,
        "consoleReporter": "spec",
        "useInlineDiffs": false,
        "code": true
      },
      "version": "7.1.3"
    },
    "marge": {
      "options": {
        "reportDir": "cypress/reports/mochawesome",
        "overwrite": false,
        "html": true,
        "json": true,
        "quiet": true,
        "timestamp": "mmddyyyy_HHMMss"
      },
      "version": "6.2.0"
    }
  }
}