{
  "stats": {
    "suites": 1,
    "tests": 1,
    "passes": 1,
    "pending": 0,
    "failures": 0,
    "start": "2024-11-01T01:32:55.696Z",
    "end": "2024-11-01T01:32:59.396Z",
    "duration": 3700,
    "testsRegistered": 1,
    "passPercent": 100,
    "pendingPercent": 0,
    "other": 0,
    "hasOther": false,
    "skipped": 0,
    "hasSkipped": false
  },
  "results": [
    {
      "uuid": "57bc1895-bf1d-44d2-ac18-852c6d3acae8",
      "title": "",
      "fullFile": "cypress\\tests\\checkout.spec.js",
      "file": "cypress\\tests\\checkout.spec.js",
      "beforeHooks": [],
      "afterHooks": [],
      "tests": [],
      "suites": [
        {
          "uuid": "53643682-ea75-452c-8354-50c695382b9e",
          "title": "Checkout Tests",
          "fullFile": "",
          "file": "",
          "beforeHooks": [],
          "afterHooks": [],
          "tests": [
            {
              "title": "Should complete the checkout process",
              "fullTitle": "Checkout Tests Should complete the checkout process",
              "timedOut": null,
              "duration": 3628,
              "state": "passed",
              "speed": "fast",
              "pass": true,
              "fail": false,
              "pending": false,
              "context": null,
              "code": "_checkoutPage.default.startCheckout(); // Start the checkout process\n_checkoutPage.default.enterCheckoutInfo(firstName, lastName, postalCode); // Enter checkout information\n_checkoutPage.default.verifyTotalPrice(); // Verify the total price is correct\n_checkoutPage.default.finishCheckout(); // Complete the checkout process",
              "err": {},
              "uuid": "4df6cb48-b2ba-459c-8797-b762dcef4716",
              "parentUUID": "53643682-ea75-452c-8354-50c695382b9e",
              "isHook": false,
              "skipped": false
            }
          ],
          "suites": [],
          "passes": [
            "4df6cb48-b2ba-459c-8797-b762dcef4716"
          ],
          "failures": [],
          "pending": [],
          "skipped": [],
          "duration": 3628,
          "root": false,
          "rootEmpty": false,
          "_timeout": 2000
        }
      ],
      "passes": [],
      "failures": [],
      "pending": [],
      "skipped": [],
      "duration": 0,
      "root": true,
      "rootEmpty": true,
      "_timeout": 2000
    }
  ],
  "meta": {
    "mocha": {
      "version": "7.0.1"
    },
    "mochawesome": {
      "options": {
        "quiet": true,
        "reportFilename": "mochawesome",
        "saveHtml": true,
        "saveJson": true,
        "consoleReporter": "spec",
        "useInlineDiffs": false,
        "code": true
      },
      "version": "7.1.3"
    },
    "marge": {
      "options": {
        "reportDir": "cypress/reports/mochawesome",
        "overwrite": false,
        "html": true,
        "json": true,
        "quiet": true,
        "timestamp": "mmddyyyy_HHMMss"
      },
      "version": "6.2.0"
    }
  }
}