{
  "stats": {
    "suites": 1,
    "tests": 1,
    "passes": 1,
    "pending": 0,
    "failures": 0,
    "start": "2024-11-01T06:05:54.272Z",
    "end": "2024-11-01T06:06:10.497Z",
    "duration": 16225,
    "testsRegistered": 1,
    "passPercent": 100,
    "pendingPercent": 0,
    "other": 0,
    "hasOther": false,
    "skipped": 0,
    "hasSkipped": false
  },
  "results": [
    {
      "uuid": "042b3a90-8a58-4df2-839c-8e8117a9e2b9",
      "title": "",
      "fullFile": "cypress\\Tests\\logout.spec.js",
      "file": "cypress\\Tests\\logout.spec.js",
      "beforeHooks": [],
      "afterHooks": [],
      "tests": [],
      "suites": [
        {
          "uuid": "6ff10b1a-4f7d-4cb5-9010-578f1bf529ee",
          "title": "Logout Tests",
          "fullFile": "",
          "file": "",
          "beforeHooks": [],
          "afterHooks": [],
          "tests": [
            {
              "title": "Should log out successfully",
              "fullTitle": "Logout Tests Should log out successfully",
              "timedOut": null,
              "duration": 14567,
              "state": "passed",
              "speed": "slow",
              "pass": true,
              "fail": false,
              "pending": false,
              "context": null,
              "code": "_logoutPage.default.logout(); // Perform logout action\n_logoutPage.default.verifyLogout(); // Verify that logout was successful by checking the URL",
              "err": {},
              "uuid": "24d7a85d-219d-4100-a11e-5043e23ca4c4",
              "parentUUID": "6ff10b1a-4f7d-4cb5-9010-578f1bf529ee",
              "isHook": false,
              "skipped": false
            }
          ],
          "suites": [],
          "passes": [
            "24d7a85d-219d-4100-a11e-5043e23ca4c4"
          ],
          "failures": [],
          "pending": [],
          "skipped": [],
          "duration": 14567,
          "root": false,
          "rootEmpty": false,
          "_timeout": 2000
        }
      ],
      "passes": [],
      "failures": [],
      "pending": [],
      "skipped": [],
      "duration": 0,
      "root": true,
      "rootEmpty": true,
      "_timeout": 2000
    }
  ],
  "meta": {
    "mocha": {
      "version": "7.0.1"
    },
    "mochawesome": {
      "options": {
        "quiet": true,
        "reportFilename": "mochawesome",
        "saveHtml": true,
        "saveJson": true,
        "consoleReporter": "spec",
        "useInlineDiffs": false,
        "code": true
      },
      "version": "7.1.3"
    },
    "marge": {
      "options": {
        "reportDir": "cypress/reports/mochawesome",
        "overwrite": false,
        "html": true,
        "json": true,
        "quiet": true,
        "timestamp": "mmddyyyy_HHMMss"
      },
      "version": "6.2.0"
    }
  }
}