{
  "stats": {
    "suites": 1,
    "tests": 2,
    "passes": 2,
    "pending": 0,
    "failures": 0,
    "start": "2024-11-01T05:41:21.688Z",
    "end": "2024-11-01T05:41:31.943Z",
    "duration": 10255,
    "testsRegistered": 2,
    "passPercent": 100,
    "pendingPercent": 0,
    "other": 0,
    "hasOther": false,
    "skipped": 0,
    "hasSkipped": false
  },
  "results": [
    {
      "uuid": "37c32605-897b-4f77-abe5-8b64c1e46972",
      "title": "",
      "fullFile": "cypress\\Tests\\cart.spec.js",
      "file": "cypress\\Tests\\cart.spec.js",
      "beforeHooks": [],
      "afterHooks": [],
      "tests": [],
      "suites": [
        {
          "uuid": "7fca79cf-5d31-41a8-a1c3-c3a09ecbd4e2",
          "title": "Cart Tests",
          "fullFile": "",
          "file": "",
          "beforeHooks": [],
          "afterHooks": [],
          "tests": [
            {
              "title": "Should display items in cart",
              "fullTitle": "Cart Tests Should display items in cart",
              "timedOut": null,
              "duration": 7331,
              "state": "passed",
              "speed": "medium",
              "pass": true,
              "fail": false,
              "pending": false,
              "context": null,
              "code": "_inventoryPage.default.addToCart('Sauce Labs Backpack'); // Add an item to the cart\n_cartPage.default.viewCart(); // Navigate to the cart\n_cartPage.default.verifyCartItems(); // Verify that the items in the cart are visible",
              "err": {},
              "uuid": "9735a7cf-3d22-4491-b1da-5d93d66add97",
              "parentUUID": "7fca79cf-5d31-41a8-a1c3-c3a09ecbd4e2",
              "isHook": false,
              "skipped": false
            },
            {
              "title": "Should remove an item from cart",
              "fullTitle": "Cart Tests Should remove an item from cart",
              "timedOut": null,
              "duration": 1622,
              "state": "passed",
              "speed": "fast",
              "pass": true,
              "fail": false,
              "pending": false,
              "context": null,
              "code": "_inventoryPage.default.addToCart('Sauce Labs Backpack'); // Add the item to the cart\n_cartPage.default.viewCart(); // Navigate to the cart\n_cartPage.default.removeItem(); // Remove the item from the cart\n// Verify that the item has been successfully removed\n_cartPage.default.verifyItemRemoval(); // Assert that the item no longer exists in the cart",
              "err": {},
              "uuid": "c89f277f-3c79-4b81-a761-768c0a4b8fd8",
              "parentUUID": "7fca79cf-5d31-41a8-a1c3-c3a09ecbd4e2",
              "isHook": false,
              "skipped": false
            }
          ],
          "suites": [],
          "passes": [
            "9735a7cf-3d22-4491-b1da-5d93d66add97",
            "c89f277f-3c79-4b81-a761-768c0a4b8fd8"
          ],
          "failures": [],
          "pending": [],
          "skipped": [],
          "duration": 8953,
          "root": false,
          "rootEmpty": false,
          "_timeout": 2000
        }
      ],
      "passes": [],
      "failures": [],
      "pending": [],
      "skipped": [],
      "duration": 0,
      "root": true,
      "rootEmpty": true,
      "_timeout": 2000
    }
  ],
  "meta": {
    "mocha": {
      "version": "7.0.1"
    },
    "mochawesome": {
      "options": {
        "quiet": true,
        "reportFilename": "mochawesome",
        "saveHtml": true,
        "saveJson": true,
        "consoleReporter": "spec",
        "useInlineDiffs": false,
        "code": true
      },
      "version": "7.1.3"
    },
    "marge": {
      "options": {
        "reportDir": "cypress/reports/mochawesome",
        "overwrite": false,
        "html": true,
        "json": true,
        "quiet": true,
        "timestamp": "mmddyyyy_HHMMss"
      },
      "version": "6.2.0"
    }
  }
}