{
  "stats": {
    "suites": 1,
    "tests": 2,
    "passes": 2,
    "pending": 0,
    "failures": 0,
    "start": "2024-10-31T22:55:23.634Z",
    "end": "2024-10-31T22:55:29.970Z",
    "duration": 6336,
    "testsRegistered": 2,
    "passPercent": 100,
    "pendingPercent": 0,
    "other": 0,
    "hasOther": false,
    "skipped": 0,
    "hasSkipped": false
  },
  "results": [
    {
      "uuid": "040c0d44-ead1-40c9-85ee-f335cfbbfe9a",
      "title": "",
      "fullFile": "cypress\\tests\\cart.spec.js",
      "file": "cypress\\tests\\cart.spec.js",
      "beforeHooks": [],
      "afterHooks": [],
      "tests": [],
      "suites": [
        {
          "uuid": "92a2026a-0719-4f21-8f89-83ac9e14169f",
          "title": "Cart Tests",
          "fullFile": "",
          "file": "",
          "beforeHooks": [],
          "afterHooks": [],
          "tests": [
            {
              "title": "Should display items in cart",
              "fullTitle": "Cart Tests Should display items in cart",
              "timedOut": null,
              "duration": 4012,
              "state": "passed",
              "speed": "fast",
              "pass": true,
              "fail": false,
              "pending": false,
              "context": null,
              "code": "_inventoryPage.default.addToCart('Sauce Labs Backpack');\n_cartPage.default.viewCart();\n_cartPage.default.verifyCartItems();",
              "err": {},
              "uuid": "7480f529-4086-4b3e-aa0d-17351ef964a1",
              "parentUUID": "92a2026a-0719-4f21-8f89-83ac9e14169f",
              "isHook": false,
              "skipped": false
            },
            {
              "title": "Should remove an item from cart",
              "fullTitle": "Cart Tests Should remove an item from cart",
              "timedOut": null,
              "duration": 1530,
              "state": "passed",
              "speed": "fast",
              "pass": true,
              "fail": false,
              "pending": false,
              "context": null,
              "code": "_inventoryPage.default.addToCart('Sauce Labs Backpack');\n_cartPage.default.viewCart();\n_cartPage.default.removeItem();\n// Verify item removal\n_cartPage.default.verifyItemRemoval();",
              "err": {},
              "uuid": "e5cc3818-6a4f-4157-9a02-fcb4c55beff1",
              "parentUUID": "92a2026a-0719-4f21-8f89-83ac9e14169f",
              "isHook": false,
              "skipped": false
            }
          ],
          "suites": [],
          "passes": [
            "7480f529-4086-4b3e-aa0d-17351ef964a1",
            "e5cc3818-6a4f-4157-9a02-fcb4c55beff1"
          ],
          "failures": [],
          "pending": [],
          "skipped": [],
          "duration": 5542,
          "root": false,
          "rootEmpty": false,
          "_timeout": 2000
        }
      ],
      "passes": [],
      "failures": [],
      "pending": [],
      "skipped": [],
      "duration": 0,
      "root": true,
      "rootEmpty": true,
      "_timeout": 2000
    }
  ],
  "meta": {
    "mocha": {
      "version": "7.0.1"
    },
    "mochawesome": {
      "options": {
        "quiet": true,
        "reportFilename": "mochawesome",
        "saveHtml": true,
        "saveJson": true,
        "consoleReporter": "spec",
        "useInlineDiffs": false,
        "code": true
      },
      "version": "7.1.3"
    },
    "marge": {
      "options": {
        "reportDir": "cypress/reports/mochawesome",
        "overwrite": false,
        "html": true,
        "json": true,
        "quiet": true,
        "timestamp": "mmddyyyy_HHMMss"
      },
      "version": "6.2.0"
    }
  }
}