{
  "stats": {
    "suites": 1,
    "tests": 1,
    "passes": 1,
    "pending": 0,
    "failures": 0,
    "start": "2024-10-31T23:04:53.859Z",
    "end": "2024-10-31T23:04:55.989Z",
    "duration": 2130,
    "testsRegistered": 1,
    "passPercent": 100,
    "pendingPercent": 0,
    "other": 0,
    "hasOther": false,
    "skipped": 0,
    "hasSkipped": false
  },
  "results": [
    {
      "uuid": "9b22cbfb-d00b-4b3b-8308-c2b7462c322d",
      "title": "",
      "fullFile": "cypress\\tests\\inventory.spec.js",
      "file": "cypress\\tests\\inventory.spec.js",
      "beforeHooks": [],
      "afterHooks": [],
      "tests": [],
      "suites": [
        {
          "uuid": "e78bef36-924e-4005-8031-6d5c4a9ffe03",
          "title": "Inventory Tests",
          "fullFile": "",
          "file": "",
          "beforeHooks": [],
          "afterHooks": [],
          "tests": [
            {
              "title": "Should display inventory list",
              "fullTitle": "Inventory Tests Should display inventory list",
              "timedOut": null,
              "duration": 2031,
              "state": "passed",
              "speed": "fast",
              "pass": true,
              "fail": false,
              "pending": false,
              "context": null,
              "code": "_inventoryPage.default.verifyInventoryList();\n// Should filter items by \"Price (low to high)\"\n_inventoryPage.default.filterProducts('lohi');\n// Should filter items by \"Name (Z to A)\"\n_inventoryPage.default.filterProducts('za');\n// Should add an item to the cart\n_inventoryPage.default.addToCart('Sauce Labs Backpack');",
              "err": {},
              "uuid": "b99f9dbe-e646-435e-9120-78f77c671d18",
              "parentUUID": "e78bef36-924e-4005-8031-6d5c4a9ffe03",
              "isHook": false,
              "skipped": false
            }
          ],
          "suites": [],
          "passes": [
            "b99f9dbe-e646-435e-9120-78f77c671d18"
          ],
          "failures": [],
          "pending": [],
          "skipped": [],
          "duration": 2031,
          "root": false,
          "rootEmpty": false,
          "_timeout": 2000
        }
      ],
      "passes": [],
      "failures": [],
      "pending": [],
      "skipped": [],
      "duration": 0,
      "root": true,
      "rootEmpty": true,
      "_timeout": 2000
    }
  ],
  "meta": {
    "mocha": {
      "version": "7.0.1"
    },
    "mochawesome": {
      "options": {
        "quiet": true,
        "reportFilename": "mochawesome",
        "saveHtml": true,
        "saveJson": true,
        "consoleReporter": "spec",
        "useInlineDiffs": false,
        "code": true
      },
      "version": "7.1.3"
    },
    "marge": {
      "options": {
        "reportDir": "cypress/reports/mochawesome",
        "overwrite": false,
        "html": true,
        "json": true,
        "quiet": true,
        "timestamp": "mmddyyyy_HHMMss"
      },
      "version": "6.2.0"
    }
  }
}