{
  "stats": {
    "suites": 1,
    "tests": 1,
    "passes": 1,
    "pending": 0,
    "failures": 0,
    "start": "2024-11-01T05:51:54.460Z",
    "end": "2024-11-01T05:51:57.076Z",
    "duration": 2616,
    "testsRegistered": 1,
    "passPercent": 100,
    "pendingPercent": 0,
    "other": 0,
    "hasOther": false,
    "skipped": 0,
    "hasSkipped": false
  },
  "results": [
    {
      "uuid": "c9f7dfd1-83b4-4062-aa7a-c4ff21a9772e",
      "title": "",
      "fullFile": "cypress\\Tests\\logout.spec.js",
      "file": "cypress\\Tests\\logout.spec.js",
      "beforeHooks": [],
      "afterHooks": [],
      "tests": [],
      "suites": [
        {
          "uuid": "2d6f788f-04cb-4b1b-b1df-d1717133267d",
          "title": "Logout Tests",
          "fullFile": "",
          "file": "",
          "beforeHooks": [],
          "afterHooks": [],
          "tests": [
            {
              "title": "Should log out successfully",
              "fullTitle": "Logout Tests Should log out successfully",
              "timedOut": null,
              "duration": 2193,
              "state": "passed",
              "speed": "fast",
              "pass": true,
              "fail": false,
              "pending": false,
              "context": null,
              "code": "_logoutPage.default.logout(); // Perform logout action\n_logoutPage.default.verifyLogout(); // Verify that logout was successful by checking the URL",
              "err": {},
              "uuid": "e8f64f05-797a-4601-a178-b61a6f0aa4ea",
              "parentUUID": "2d6f788f-04cb-4b1b-b1df-d1717133267d",
              "isHook": false,
              "skipped": false
            }
          ],
          "suites": [],
          "passes": [
            "e8f64f05-797a-4601-a178-b61a6f0aa4ea"
          ],
          "failures": [],
          "pending": [],
          "skipped": [],
          "duration": 2193,
          "root": false,
          "rootEmpty": false,
          "_timeout": 2000
        }
      ],
      "passes": [],
      "failures": [],
      "pending": [],
      "skipped": [],
      "duration": 0,
      "root": true,
      "rootEmpty": true,
      "_timeout": 2000
    }
  ],
  "meta": {
    "mocha": {
      "version": "7.0.1"
    },
    "mochawesome": {
      "options": {
        "quiet": true,
        "reportFilename": "mochawesome",
        "saveHtml": true,
        "saveJson": true,
        "consoleReporter": "spec",
        "useInlineDiffs": false,
        "code": true
      },
      "version": "7.1.3"
    },
    "marge": {
      "options": {
        "reportDir": "cypress/reports/mochawesome",
        "overwrite": false,
        "html": true,
        "json": true,
        "quiet": true,
        "timestamp": "mmddyyyy_HHMMss"
      },
      "version": "6.2.0"
    }
  }
}