{
  "stats": {
    "suites": 1,
    "tests": 1,
    "passes": 1,
    "pending": 0,
    "failures": 0,
    "start": "2024-10-31T23:05:01.207Z",
    "end": "2024-10-31T23:05:03.647Z",
    "duration": 2440,
    "testsRegistered": 1,
    "passPercent": 100,
    "pendingPercent": 0,
    "other": 0,
    "hasOther": false,
    "skipped": 0,
    "hasSkipped": false
  },
  "results": [
    {
      "uuid": "50f34898-d6a4-41da-b715-a871753c00f3",
      "title": "",
      "fullFile": "cypress\\tests\\logout.spec.js",
      "file": "cypress\\tests\\logout.spec.js",
      "beforeHooks": [],
      "afterHooks": [],
      "tests": [],
      "suites": [
        {
          "uuid": "9d2a2f57-459d-41ef-b106-f05fee29f228",
          "title": "Logout Tests",
          "fullFile": "",
          "file": "",
          "beforeHooks": [],
          "afterHooks": [],
          "tests": [
            {
              "title": "Should log out successfully",
              "fullTitle": "Logout Tests Should log out successfully",
              "timedOut": null,
              "duration": 2148,
              "state": "passed",
              "speed": "fast",
              "pass": true,
              "fail": false,
              "pending": false,
              "context": null,
              "code": "_logoutPage.default.logout();\ncy.url().should('eq', 'https://www.saucedemo.com/');",
              "err": {},
              "uuid": "f731f6e8-e311-4917-8d0f-4e691a98165f",
              "parentUUID": "9d2a2f57-459d-41ef-b106-f05fee29f228",
              "isHook": false,
              "skipped": false
            }
          ],
          "suites": [],
          "passes": [
            "f731f6e8-e311-4917-8d0f-4e691a98165f"
          ],
          "failures": [],
          "pending": [],
          "skipped": [],
          "duration": 2148,
          "root": false,
          "rootEmpty": false,
          "_timeout": 2000
        }
      ],
      "passes": [],
      "failures": [],
      "pending": [],
      "skipped": [],
      "duration": 0,
      "root": true,
      "rootEmpty": true,
      "_timeout": 2000
    }
  ],
  "meta": {
    "mocha": {
      "version": "7.0.1"
    },
    "mochawesome": {
      "options": {
        "quiet": true,
        "reportFilename": "mochawesome",
        "saveHtml": true,
        "saveJson": true,
        "consoleReporter": "spec",
        "useInlineDiffs": false,
        "code": true
      },
      "version": "7.1.3"
    },
    "marge": {
      "options": {
        "reportDir": "cypress/reports/mochawesome",
        "overwrite": false,
        "html": true,
        "json": true,
        "quiet": true,
        "timestamp": "mmddyyyy_HHMMss"
      },
      "version": "6.2.0"
    }
  }
}