{
  "stats": {
    "suites": 1,
    "tests": 2,
    "passes": 1,
    "pending": 1,
    "failures": 0,
    "start": "2024-11-01T05:54:37.601Z",
    "end": "2024-11-01T05:54:46.535Z",
    "duration": 8934,
    "testsRegistered": 2,
    "passPercent": 100,
    "pendingPercent": 50,
    "other": 0,
    "hasOther": false,
    "skipped": 0,
    "hasSkipped": false
  },
  "results": [
    {
      "uuid": "9ba19ebe-3ad5-4124-93c2-0c55726948a3",
      "title": "",
      "fullFile": "cypress\\Tests\\cart.spec.js",
      "file": "cypress\\Tests\\cart.spec.js",
      "beforeHooks": [],
      "afterHooks": [],
      "tests": [],
      "suites": [
        {
          "uuid": "4226b74e-7b48-4474-916c-48a06ae02142",
          "title": "Cart Tests",
          "fullFile": "",
          "file": "",
          "beforeHooks": [],
          "afterHooks": [],
          "tests": [
            {
              "title": "Should display items in cart",
              "fullTitle": "Cart Tests Should display items in cart",
              "timedOut": null,
              "duration": 7455,
              "state": "passed",
              "speed": "medium",
              "pass": true,
              "fail": false,
              "pending": false,
              "context": null,
              "code": "_inventoryPage.default.addToCart('Sauce Labs Backpack'); // Add an item to the cart\n_cartPage.default.viewCart(); // Navigate to the cart\n_cartPage.default.verifyCartItems(); // Verify that the items in the cart are visible\n_cartPage.default.removeItem(); // Remove the item from the cart",
              "err": {},
              "uuid": "a751aad5-3d96-4b3e-9542-bb8e1f14b9ea",
              "parentUUID": "4226b74e-7b48-4474-916c-48a06ae02142",
              "isHook": false,
              "skipped": false
            },
            {
              "title": "Should remove an item from cart",
              "fullTitle": "Cart Tests Should remove an item from cart",
              "timedOut": null,
              "duration": 0,
              "state": "pending",
              "speed": null,
              "pass": false,
              "fail": false,
              "pending": true,
              "context": null,
              "code": "_inventoryPage.default.addToCart('Sauce Labs Backpack'); // Add the item to the cart\n_cartPage.default.viewCart(); // Navigate to the cart\n_cartPage.default.removeItem(); // Remove the item from the cart\n// Verify that the item has been successfully removed\n_cartPage.default.verifyItemRemoval(); // Assert that the item no longer exists in the cart",
              "err": {},
              "uuid": "a72abd68-0237-4372-b0a1-52ffbb6b0a5c",
              "parentUUID": "4226b74e-7b48-4474-916c-48a06ae02142",
              "isHook": false,
              "skipped": false
            }
          ],
          "suites": [],
          "passes": [
            "a751aad5-3d96-4b3e-9542-bb8e1f14b9ea"
          ],
          "failures": [],
          "pending": [
            "a72abd68-0237-4372-b0a1-52ffbb6b0a5c"
          ],
          "skipped": [],
          "duration": 7455,
          "root": false,
          "rootEmpty": false,
          "_timeout": 2000
        }
      ],
      "passes": [],
      "failures": [],
      "pending": [],
      "skipped": [],
      "duration": 0,
      "root": true,
      "rootEmpty": true,
      "_timeout": 2000
    }
  ],
  "meta": {
    "mocha": {
      "version": "7.0.1"
    },
    "mochawesome": {
      "options": {
        "quiet": true,
        "reportFilename": "mochawesome",
        "saveHtml": true,
        "saveJson": true,
        "consoleReporter": "spec",
        "useInlineDiffs": false,
        "code": true
      },
      "version": "7.1.3"
    },
    "marge": {
      "options": {
        "reportDir": "cypress/reports/mochawesome",
        "overwrite": false,
        "html": true,
        "json": true,
        "quiet": true,
        "timestamp": "mmddyyyy_HHMMss"
      },
      "version": "6.2.0"
    }
  }
}