{
  "stats": {
    "suites": 1,
    "tests": 2,
    "passes": 2,
    "pending": 0,
    "failures": 0,
    "start": "2024-10-31T23:04:40.923Z",
    "end": "2024-10-31T23:04:47.012Z",
    "duration": 6089,
    "testsRegistered": 2,
    "passPercent": 100,
    "pendingPercent": 0,
    "other": 0,
    "hasOther": false,
    "skipped": 0,
    "hasSkipped": false
  },
  "results": [
    {
      "uuid": "05664171-ec66-49fb-9abd-f03fe4b750a8",
      "title": "",
      "fullFile": "cypress\\tests\\cart.spec.js",
      "file": "cypress\\tests\\cart.spec.js",
      "beforeHooks": [],
      "afterHooks": [],
      "tests": [],
      "suites": [
        {
          "uuid": "fb212e0e-b7e5-4a9a-9b31-89839a9ecab6",
          "title": "Cart Tests",
          "fullFile": "",
          "file": "",
          "beforeHooks": [],
          "afterHooks": [],
          "tests": [
            {
              "title": "Should display items in cart",
              "fullTitle": "Cart Tests Should display items in cart",
              "timedOut": null,
              "duration": 3951,
              "state": "passed",
              "speed": "fast",
              "pass": true,
              "fail": false,
              "pending": false,
              "context": null,
              "code": "_inventoryPage.default.addToCart('Sauce Labs Backpack');\n_cartPage.default.viewCart();\n_cartPage.default.verifyCartItems();",
              "err": {},
              "uuid": "de6efed4-79fc-48c2-9aa0-5129b9f062a7",
              "parentUUID": "fb212e0e-b7e5-4a9a-9b31-89839a9ecab6",
              "isHook": false,
              "skipped": false
            },
            {
              "title": "Should remove an item from cart",
              "fullTitle": "Cart Tests Should remove an item from cart",
              "timedOut": null,
              "duration": 1804,
              "state": "passed",
              "speed": "fast",
              "pass": true,
              "fail": false,
              "pending": false,
              "context": null,
              "code": "_inventoryPage.default.addToCart('Sauce Labs Backpack');\n_cartPage.default.viewCart();\n_cartPage.default.removeItem();\n// Verify item removal\n_cartPage.default.verifyItemRemoval();",
              "err": {},
              "uuid": "e9383f34-0a0e-4717-8d0f-fd3efea834d1",
              "parentUUID": "fb212e0e-b7e5-4a9a-9b31-89839a9ecab6",
              "isHook": false,
              "skipped": false
            }
          ],
          "suites": [],
          "passes": [
            "de6efed4-79fc-48c2-9aa0-5129b9f062a7",
            "e9383f34-0a0e-4717-8d0f-fd3efea834d1"
          ],
          "failures": [],
          "pending": [],
          "skipped": [],
          "duration": 5755,
          "root": false,
          "rootEmpty": false,
          "_timeout": 2000
        }
      ],
      "passes": [],
      "failures": [],
      "pending": [],
      "skipped": [],
      "duration": 0,
      "root": true,
      "rootEmpty": true,
      "_timeout": 2000
    }
  ],
  "meta": {
    "mocha": {
      "version": "7.0.1"
    },
    "mochawesome": {
      "options": {
        "quiet": true,
        "reportFilename": "mochawesome",
        "saveHtml": true,
        "saveJson": true,
        "consoleReporter": "spec",
        "useInlineDiffs": false,
        "code": true
      },
      "version": "7.1.3"
    },
    "marge": {
      "options": {
        "reportDir": "cypress/reports/mochawesome",
        "overwrite": false,
        "html": true,
        "json": true,
        "quiet": true,
        "timestamp": "mmddyyyy_HHMMss"
      },
      "version": "6.2.0"
    }
  }
}