{
  "stats": {
    "suites": 1,
    "tests": 2,
    "passes": 2,
    "pending": 0,
    "failures": 0,
    "start": "2024-11-01T06:12:36.308Z",
    "end": "2024-11-01T06:13:15.553Z",
    "duration": 39245,
    "testsRegistered": 2,
    "passPercent": 100,
    "pendingPercent": 0,
    "other": 0,
    "hasOther": false,
    "skipped": 0,
    "hasSkipped": false
  },
  "results": [
    {
      "uuid": "45836b28-1c8e-420c-9e22-52dfcf16a465",
      "title": "",
      "fullFile": "cypress\\Tests\\cart.spec.js",
      "file": "cypress\\Tests\\cart.spec.js",
      "beforeHooks": [],
      "afterHooks": [],
      "tests": [],
      "suites": [
        {
          "uuid": "f0b6eddb-a3a3-4b12-9134-1a300849a413",
          "title": "Cart Tests",
          "fullFile": "",
          "file": "",
          "beforeHooks": [],
          "afterHooks": [],
          "tests": [
            {
              "title": "Should display items in cart",
              "fullTitle": "Cart Tests Should display items in cart",
              "timedOut": null,
              "duration": 25281,
              "state": "passed",
              "speed": "slow",
              "pass": true,
              "fail": false,
              "pending": false,
              "context": null,
              "code": "_inventoryPage.default.addToCart('Sauce Labs Backpack'); // Add an item to the cart\n_cartPage.default.viewCart(); // Navigate to the cart\n_cartPage.default.verifyCartItems(); // Verify that the items in the cart are visible",
              "err": {},
              "uuid": "f808949a-83d5-4157-9677-38374e0b1e88",
              "parentUUID": "f0b6eddb-a3a3-4b12-9134-1a300849a413",
              "isHook": false,
              "skipped": false
            },
            {
              "title": "Should remove an item from cart",
              "fullTitle": "Cart Tests Should remove an item from cart",
              "timedOut": null,
              "duration": 9887,
              "state": "passed",
              "speed": "medium",
              "pass": true,
              "fail": false,
              "pending": false,
              "context": null,
              "code": "_inventoryPage.default.addToCart('Sauce Labs Backpack'); // Add the item to the cart\n_cartPage.default.viewCart(); // Navigate to the cart\n_cartPage.default.removeItem(); // Remove the item from the cart\n// Verify that the item has been successfully removed\n_cartPage.default.verifyItemRemoval(); // Assert that the item no longer exists in the cart",
              "err": {},
              "uuid": "b7d3342d-46bf-4fb4-badf-211b28bc467f",
              "parentUUID": "f0b6eddb-a3a3-4b12-9134-1a300849a413",
              "isHook": false,
              "skipped": false
            }
          ],
          "suites": [],
          "passes": [
            "f808949a-83d5-4157-9677-38374e0b1e88",
            "b7d3342d-46bf-4fb4-badf-211b28bc467f"
          ],
          "failures": [],
          "pending": [],
          "skipped": [],
          "duration": 35168,
          "root": false,
          "rootEmpty": false,
          "_timeout": 2000
        }
      ],
      "passes": [],
      "failures": [],
      "pending": [],
      "skipped": [],
      "duration": 0,
      "root": true,
      "rootEmpty": true,
      "_timeout": 2000
    }
  ],
  "meta": {
    "mocha": {
      "version": "7.0.1"
    },
    "mochawesome": {
      "options": {
        "quiet": true,
        "reportFilename": "mochawesome",
        "saveHtml": true,
        "saveJson": true,
        "consoleReporter": "spec",
        "useInlineDiffs": false,
        "code": true
      },
      "version": "7.1.3"
    },
    "marge": {
      "options": {
        "reportDir": "cypress/reports/mochawesome",
        "overwrite": false,
        "html": true,
        "json": true,
        "quiet": true,
        "timestamp": "mmddyyyy_HHMMss"
      },
      "version": "6.2.0"
    }
  }
}