{
  "stats": {
    "suites": 1,
    "tests": 1,
    "passes": 1,
    "pending": 0,
    "failures": 0,
    "start": "2024-11-01T05:55:16.705Z",
    "end": "2024-11-01T05:55:24.187Z",
    "duration": 7482,
    "testsRegistered": 1,
    "passPercent": 100,
    "pendingPercent": 0,
    "other": 0,
    "hasOther": false,
    "skipped": 0,
    "hasSkipped": false
  },
  "results": [
    {
      "uuid": "190b3b04-08be-465e-a48b-e60d12bbcc52",
      "title": "",
      "fullFile": "cypress\\Tests\\logout.spec.js",
      "file": "cypress\\Tests\\logout.spec.js",
      "beforeHooks": [],
      "afterHooks": [],
      "tests": [],
      "suites": [
        {
          "uuid": "10f2c13d-0467-4838-9971-6fe6bec00957",
          "title": "Logout Tests",
          "fullFile": "",
          "file": "",
          "beforeHooks": [],
          "afterHooks": [],
          "tests": [
            {
              "title": "Should log out successfully",
              "fullTitle": "Logout Tests Should log out successfully",
              "timedOut": null,
              "duration": 5527,
              "state": "passed",
              "speed": "medium",
              "pass": true,
              "fail": false,
              "pending": false,
              "context": null,
              "code": "_logoutPage.default.logout(); // Perform logout action\n_logoutPage.default.verifyLogout(); // Verify that logout was successful by checking the URL",
              "err": {},
              "uuid": "009d6e79-a731-4a1e-b138-13f801d5ff78",
              "parentUUID": "10f2c13d-0467-4838-9971-6fe6bec00957",
              "isHook": false,
              "skipped": false
            }
          ],
          "suites": [],
          "passes": [
            "009d6e79-a731-4a1e-b138-13f801d5ff78"
          ],
          "failures": [],
          "pending": [],
          "skipped": [],
          "duration": 5527,
          "root": false,
          "rootEmpty": false,
          "_timeout": 2000
        }
      ],
      "passes": [],
      "failures": [],
      "pending": [],
      "skipped": [],
      "duration": 0,
      "root": true,
      "rootEmpty": true,
      "_timeout": 2000
    }
  ],
  "meta": {
    "mocha": {
      "version": "7.0.1"
    },
    "mochawesome": {
      "options": {
        "quiet": true,
        "reportFilename": "mochawesome",
        "saveHtml": true,
        "saveJson": true,
        "consoleReporter": "spec",
        "useInlineDiffs": false,
        "code": true
      },
      "version": "7.1.3"
    },
    "marge": {
      "options": {
        "reportDir": "cypress/reports/mochawesome",
        "overwrite": false,
        "html": true,
        "json": true,
        "quiet": true,
        "timestamp": "mmddyyyy_HHMMss"
      },
      "version": "6.2.0"
    }
  }
}