{
  "stats": {
    "suites": 1,
    "tests": 2,
    "passes": 2,
    "pending": 0,
    "failures": 0,
    "start": "2024-10-31T22:50:51.819Z",
    "end": "2024-10-31T22:50:58.468Z",
    "duration": 6649,
    "testsRegistered": 2,
    "passPercent": 100,
    "pendingPercent": 0,
    "other": 0,
    "hasOther": false,
    "skipped": 0,
    "hasSkipped": false
  },
  "results": [
    {
      "uuid": "a574d8e4-a135-46d7-b84c-412584c24b49",
      "title": "",
      "fullFile": "cypress\\tests\\cart.spec.js",
      "file": "cypress\\tests\\cart.spec.js",
      "beforeHooks": [],
      "afterHooks": [],
      "tests": [],
      "suites": [
        {
          "uuid": "d0b10a96-77f9-4a47-aa7b-d0d216231a93",
          "title": "Cart Tests",
          "fullFile": "",
          "file": "",
          "beforeHooks": [],
          "afterHooks": [],
          "tests": [
            {
              "title": "Should display items in cart",
              "fullTitle": "Cart Tests Should display items in cart",
              "timedOut": null,
              "duration": 4478,
              "state": "passed",
              "speed": "fast",
              "pass": true,
              "fail": false,
              "pending": false,
              "context": null,
              "code": "_inventoryPage.default.addToCart('Sauce Labs Backpack');\n_cartPage.default.viewCart();\n_cartPage.default.verifyCartItems();",
              "err": {},
              "uuid": "564fa2c5-834e-41d5-8c59-c04d3e46aa11",
              "parentUUID": "d0b10a96-77f9-4a47-aa7b-d0d216231a93",
              "isHook": false,
              "skipped": false
            },
            {
              "title": "Should remove an item from cart",
              "fullTitle": "Cart Tests Should remove an item from cart",
              "timedOut": null,
              "duration": 1538,
              "state": "passed",
              "speed": "fast",
              "pass": true,
              "fail": false,
              "pending": false,
              "context": null,
              "code": "_inventoryPage.default.addToCart('Sauce Labs Backpack');\n_cartPage.default.viewCart();\n_cartPage.default.removeItem();\n// Verify item removal\n_cartPage.default.verifyItemRemoval();",
              "err": {},
              "uuid": "607cc071-fd0e-42e4-a79a-dfc3684eae6e",
              "parentUUID": "d0b10a96-77f9-4a47-aa7b-d0d216231a93",
              "isHook": false,
              "skipped": false
            }
          ],
          "suites": [],
          "passes": [
            "564fa2c5-834e-41d5-8c59-c04d3e46aa11",
            "607cc071-fd0e-42e4-a79a-dfc3684eae6e"
          ],
          "failures": [],
          "pending": [],
          "skipped": [],
          "duration": 6016,
          "root": false,
          "rootEmpty": false,
          "_timeout": 2000
        }
      ],
      "passes": [],
      "failures": [],
      "pending": [],
      "skipped": [],
      "duration": 0,
      "root": true,
      "rootEmpty": true,
      "_timeout": 2000
    }
  ],
  "meta": {
    "mocha": {
      "version": "7.0.1"
    },
    "mochawesome": {
      "options": {
        "quiet": true,
        "reportFilename": "mochawesome",
        "saveHtml": true,
        "saveJson": true,
        "consoleReporter": "spec",
        "useInlineDiffs": false,
        "code": true
      },
      "version": "7.1.3"
    },
    "marge": {
      "options": {
        "reportDir": "cypress/reports/mochawesome",
        "overwrite": false,
        "html": true,
        "json": true,
        "quiet": true,
        "timestamp": "mmddyyyy_HHMMss"
      },
      "version": "6.2.0"
    }
  }
}