{
  "stats": {
    "suites": 1,
    "tests": 1,
    "passes": 1,
    "pending": 0,
    "failures": 0,
    "start": "2024-11-01T01:41:55.253Z",
    "end": "2024-11-01T01:42:16.631Z",
    "duration": 21378,
    "testsRegistered": 1,
    "passPercent": 100,
    "pendingPercent": 0,
    "other": 0,
    "hasOther": false,
    "skipped": 0,
    "hasSkipped": false
  },
  "results": [
    {
      "uuid": "274cd5b5-878a-4aa7-9ea6-786087f317a5",
      "title": "",
      "fullFile": "cypress\\Tests\\checkout.spec.js",
      "file": "cypress\\Tests\\checkout.spec.js",
      "beforeHooks": [],
      "afterHooks": [],
      "tests": [],
      "suites": [
        {
          "uuid": "93a009a2-e236-4a6e-a873-0f81178da3ed",
          "title": "Checkout Tests",
          "fullFile": "",
          "file": "",
          "beforeHooks": [],
          "afterHooks": [],
          "tests": [
            {
              "title": "Should complete the checkout process",
              "fullTitle": "Checkout Tests Should complete the checkout process",
              "timedOut": null,
              "duration": 21264,
              "state": "passed",
              "speed": "slow",
              "pass": true,
              "fail": false,
              "pending": false,
              "context": null,
              "code": "_checkoutPage.default.startCheckout(); // Start the checkout process\n_checkoutPage.default.enterCheckoutInfo(firstName, lastName, postalCode); // Enter checkout information\n_checkoutPage.default.verifyTotalPrice(); // Verify the total price is correct\n_checkoutPage.default.finishCheckout(); // Complete the checkout process",
              "err": {},
              "uuid": "4504612c-14af-447a-ba03-bf8860558e31",
              "parentUUID": "93a009a2-e236-4a6e-a873-0f81178da3ed",
              "isHook": false,
              "skipped": false
            }
          ],
          "suites": [],
          "passes": [
            "4504612c-14af-447a-ba03-bf8860558e31"
          ],
          "failures": [],
          "pending": [],
          "skipped": [],
          "duration": 21264,
          "root": false,
          "rootEmpty": false,
          "_timeout": 2000
        }
      ],
      "passes": [],
      "failures": [],
      "pending": [],
      "skipped": [],
      "duration": 0,
      "root": true,
      "rootEmpty": true,
      "_timeout": 2000
    }
  ],
  "meta": {
    "mocha": {
      "version": "7.0.1"
    },
    "mochawesome": {
      "options": {
        "quiet": true,
        "reportFilename": "mochawesome",
        "saveHtml": true,
        "saveJson": true,
        "consoleReporter": "spec",
        "useInlineDiffs": false,
        "code": true
      },
      "version": "7.1.3"
    },
    "marge": {
      "options": {
        "reportDir": "cypress/reports/mochawesome",
        "overwrite": false,
        "html": true,
        "json": true,
        "quiet": true,
        "timestamp": "mmddyyyy_HHMMss"
      },
      "version": "6.2.0"
    }
  }
}